<?xml version="1.0" encoding="UTF-8"?>
<testsuite xmlns:xsi="http://www.w3.org/2001/XMLSchema-instance" xsi:noNamespaceSchemaLocation="https://maven.apache.org/surefire/maven-surefire-plugin/xsd/surefire-test-report-3.0.xsd" version="3.0" name="GeoServiceTest" time="0.66" tests="2" errors="0" skipped="0" failures="0">
  <properties>
[...]
</properties>
  <testcase name="byIpTest(String)[1]" classname="GeoServiceTest" time="0.626">
    <system-out><![CDATA[*start GeoService tests*
---------------------------------
byIp test started...
byIp test finished...
*********************************
]]></system-out>
  </testcase>
  <testcase name="byIpTest(String)[2]" classname="GeoServiceTest" time="0.003">
    <system-out><![CDATA[---------------------------------
byIp test started...
byIp test finished...
*********************************
]]></system-out>
  </testcase>
</testsuite>